<?xml version="1.0" encoding="UTF-8"?>
<testsuites name="PUT Testing" time="4.455" tests="1" failures="0" skips="0" errors="0">
   <testsuite name="PUT Testing" tests="1" failures="0" errors="0" time="4.455" skips="0" timestamp="2021-03-01 12:00:41" hostname="gdn - monikas-mbp" id="Test Suites/PUT Testing">
      <properties>
         <property name="deviceName" value=""/>
         <property name="devicePlatform" value=""/>
         <property name="logFolder" value="/Users/gdn/Documents/RestTestingKatalon/Reports/20210301_120039/PUT Testing/20210301_120039"/>
         <property name="logFiles" value="/Users/gdn/Documents/RestTestingKatalon/Reports/20210301_120039/PUT Testing/20210301_120039/execution0.log"/>
         <property name="attachments" value=""/>
         <property name="hostName" value="gdn - monikas-mbp"/>
         <property name="hostAddress" value="192.168.225.199"/>
         <property name="os" value="Mac OS X 64bit"/>
         <property name="katalonVersion" value="7.9.1.208"/>
      </properties>
      <testcase name="Test Cases/C. VerifyPutRequest/TestCase-PutRequest" time="2.751" classname="Test Cases/C. VerifyPutRequest/TestCase-PutRequest" status="PASSED">
         <system-out><![CDATA[2021-03-01 12:00:43 - [TEST_CASE][PASSED] - Test Cases/C. VerifyPutRequest/TestCase-PutRequest: Test Cases/C. VerifyPutRequest/TestCase-PutRequest

2021-03-01 12:00:44 - [TEST_STEP][PASSED] - customname = "alviasindi": null

2021-03-01 12:00:44 - [TEST_STEP][PASSED] - stringBody = "{"id":1307,"email":"alvia1614552533@mailinator.com"," + customname + ","status":"Active","gender":"Female"}": null

2021-03-01 12:00:44 - [TEST_STEP][PASSED] - response = sendRequest(findTestObject("C. PutRequest/PutRequest", ["userfullname":customname])): Send request successfully

2021-03-01 12:00:45 - [MESSAGE][INFO] - HAR: /Users/gdn/Documents/RestTestingKatalon/Reports/20210301_120039/PUT Testing/20210301_120039/requests/main/0.har

2021-03-01 12:00:45 - [MESSAGE][PASSED] - Send request successfully

2021-03-01 12:00:45 - [TEST_STEP][PASSED] - slurper = new groovy.json.JsonSlurper(): null

2021-03-01 12:00:45 - [TEST_STEP][PASSED] - parsedJson = slurper.parseText(response.getResponseBodyContent()): null

2021-03-01 12:00:45 - [TEST_STEP][PASSED] - println(response.getResponseBodyContent()): null

2021-03-01 12:00:45 - [TEST_STEP][PASSED] - editedname = name: null

2021-03-01 12:00:45 - [TEST_STEP][PASSED] - out.println("expectedname: " + editedname): null

2021-03-01 12:00:45 - [TEST_STEP][PASSED] - out.println("name: " + customname): null

2021-03-01 12:00:45 - [TEST_STEP][PASSED] - assertThat(editedname).isEqualTo(customname): null]]></system-out>
         <system-err><![CDATA[]]></system-err>
      </testcase>
      <system-out><![CDATA[2021-03-01 12:00:41 - [TEST_SUITE][PASSED] - PUT Testing: Test Cases/C. VerifyPutRequest/TestCase-PutRequest]]></system-out>
      <system-err><![CDATA[]]></system-err>
   </testsuite>
</testsuites>
